20250215	10:28:58	0d024a88-d664-4b27-8d48-3d9a6af32f6a	undefined: 8000	undefined	undefined
20250215	11:07:52	28e488a7-3b43-4172-b13f-76c958d9d48e	undefined: undefined	undefined	undefined
20250215	16:40:40	08801d6e-c6de-43e2-971c-09f5cfaf2f6d	undefined: undefined	undefined	undefined
20250217	15:21:50	5de62ead-79ef-4d85-9757-99d8cdd2bfa4	undefined: ETIMEOUT	querySrv	_mongodb._tcp.testdand.715kb.mongodb.net
20250217	15:22:31	2979edfc-9953-41d0-b155-29a4273faa90	undefined: ETIMEOUT	querySrv	_mongodb._tcp.testdand.715kb.mongodb.net
20250217	15:34:01	bcc4eb76-12be-4b39-a275-ebb7ba919bd6	undefined: undefined	undefined	undefined
20250217	15:35:41	62198553-2ccb-48cb-83b9-d4bb6b0990f9	undefined: ETIMEOUT	queryTxt	testdand.715kb.mongodb.net
20250217	15:50:59	5a837eea-258f-4f71-a4cd-aa737159e9d3	undefined: undefined	undefined	undefined
20250217	15:52:07	22192eb8-5441-4a83-8b47-a67a45cdca9d	undefined: undefined	undefined	undefined
20250217	16:31:12	de03c494-c2f1-4155-9d76-4c539e41dab4	undefined: ETIMEOUT	querySrv	_mongodb._tcp.testdand.715kb.mongodb.net
20250217	16:31:48	5eac4bde-8d9d-4964-830e-7a6382d62bd5	undefined: ETIMEOUT	querySrv	_mongodb._tcp.testdand.715kb.mongodb.net
20250217	16:42:16	978a56eb-54e2-435b-a632-738a9bf49783	undefined: undefined	undefined	undefined
20250217	16:42:43	91674693-4b8a-443e-9704-05094bc250e3	undefined: ETIMEOUT	querySrv	_mongodb._tcp.testdand.715kb.mongodb.net
20250217	16:43:15	7d2d1cc3-a41e-4403-abe5-53e1e508f34e	undefined: ETIMEOUT	querySrv	_mongodb._tcp.testdand.715kb.mongodb.net
20250217	19:04:14	a2bb3979-61f5-425f-ab9c-05a599cbc835	undefined: ECONNREFUSED	querySrv	_mongodb._tcp.testdand.715kb.mongodb.net
20250217	19:05:19	a810535f-50a1-4926-bad4-b162693299da	undefined: undefined	undefined	undefined
20250217	19:05:53	baa5cd15-485e-4c3a-9bdf-63e956db5647	undefined: ETIMEOUT	querySrv	_mongodb._tcp.testdand.715kb.mongodb.net
20250217	19:06:46	91d32cc4-2489-4a03-ba5c-1aa91821d5b1	undefined: ETIMEOUT	querySrv	_mongodb._tcp.testdand.715kb.mongodb.net
20250222	17:19:54	fef5a43d-810b-4c33-a8b4-b7cca32e1c45	undefined: undefined	undefined	undefined
20250223	10:18:32	bf172c8b-31bb-49cd-ab12-fe37c6b1afe7	undefined: undefined	undefined	undefined
20250223	13:07:10	5c737376-1d48-46c5-83b3-62fffb1c7643	undefined: undefined	undefined	undefined
20250223	17:17:43	3e04389a-fb95-4ab6-9bd8-6ec64f6ac17b	undefined: undefined	undefined	undefined
20250223	17:49:28	813d0d89-e3d0-48a2-8d14-74bed8d68431	undefined: undefined	undefined	undefined
20250224	17:21:55	ec20e033-96ad-4ff4-8185-187ae2a14a17	undefined: ECONNREFUSED	querySrv	_mongodb._tcp.testdand.715kb.mongodb.net
20250226	15:40:21	5013fdce-3b4a-4eec-b539-d80f043b969f	undefined: undefined	undefined	undefined
20250311	09:12:57	803f47c5-b251-4227-be89-88eb41a398c3	undefined: undefined	undefined	undefined
20250311	09:13:57	7aa5f995-952f-4107-9466-f0c4995ce0bf	undefined: undefined	undefined	undefined
20250315	16:27:53	7a210334-c4ec-457f-baeb-b76a44526782	undefined: undefined	undefined	undefined
20250315	16:32:42	4479e62f-f8c6-4446-a196-15fa2eea1589	undefined: undefined	undefined	undefined
20250315	17:06:34	01be5013-40d7-48a6-a9c8-47a4aeb8a1b0	undefined: undefined	undefined	undefined
20250315	18:00:45	69ea365d-05dd-4192-92b9-140f588c5a56	undefined: undefined	undefined	undefined
20250315	18:37:31	74a61e37-b440-4c61-9895-9c9b02e2198d	undefined: undefined	undefined	undefined
20250315	18:42:31	4c3f50a0-7c37-467d-b07c-b9d7fd082f9b	undefined: undefined	undefined	undefined
20250316	10:50:51	733b513e-ed62-4fc5-9032-4f82877a32b5	undefined: undefined	undefined	undefined
20250316	10:51:40	da458c18-a1e6-4608-8cea-fda829cd64a5	undefined: undefined	undefined	undefined
20250316	11:22:18	adb21579-ffe0-416a-9377-964e0d612faa	undefined: undefined	undefined	undefined
20250316	11:32:44	e7d007ad-1274-414e-8223-a3cd0bddc122	undefined: undefined	undefined	undefined
20250316	11:33:48	0b20900d-393c-4fc3-b3c9-1960f5a3c29d	undefined: undefined	undefined	undefined
20250316	11:37:19	45b6c873-48ab-4bdd-bed2-057aef4c0058	undefined: undefined	undefined	undefined
20250316	11:40:19	a4f4a2dd-2b4d-4028-82c8-d1ac4ef29991	undefined: undefined	undefined	undefined
20250316	11:42:11	169ddc6d-77fb-43b6-9573-e541e35eb04e	undefined: undefined	undefined	undefined
20250316	20:52:50	80a15710-f8c2-4f63-a143-166c607e6bb8	undefined: undefined	undefined	undefined
20250317	00:33:12	6d0232d8-af27-43c5-afda-84a56d07fc3f	undefined: ETIMEOUT	queryTxt	testdand.715kb.mongodb.net
20250317	12:00:50	02dabc59-857e-421d-b1cf-e86fb39717d5	undefined: ETIMEOUT	queryTxt	testdand.715kb.mongodb.net
20250317	18:17:23	38c1122c-e771-40d6-a39d-3726ec06f3fb	undefined: ETIMEOUT	queryTxt	testdand.715kb.mongodb.net
20250317	18:17:59	663c0a01-9aa2-449d-8bde-f2b879761846	undefined: undefined	undefined	undefined
20250317	18:18:31	684d3882-63b3-4efd-a987-815cc5f66cc2	undefined: undefined	undefined	undefined
20250317	23:43:33	3a372f3a-255c-4cf7-b878-c9650823e553	undefined: ETIMEOUT	querySrv	_mongodb._tcp.testdand.715kb.mongodb.net
20250317	23:44:22	8174163f-1314-490f-91bc-d07dad202046	undefined: ETIMEOUT	querySrv	_mongodb._tcp.testdand.715kb.mongodb.net
20250317	23:44:57	c5038e62-0171-4f9a-b187-c7562b1f18fa	undefined: ETIMEOUT	querySrv	_mongodb._tcp.testdand.715kb.mongodb.net
20250317	23:47:10	530980f6-3de1-4f1f-81e6-0954e22c9dfe	undefined: undefined	undefined	undefined
20250317	23:48:41	9a30caae-e8f8-4157-a49e-1644f6f11877	undefined: undefined	undefined	undefined
20250317	23:57:34	46479944-de3d-46f2-a2f6-b36a7b342923	undefined: ETIMEOUT	querySrv	_mongodb._tcp.testdand.715kb.mongodb.net
20250317	23:59:37	62e71cf3-9c61-4f24-b439-e7b34a6ffa50	undefined: undefined	undefined	undefined
20250318	00:00:18	04981919-30b3-4368-bff2-317eabed81b4	undefined: undefined	undefined	undefined
20250318	00:01:20	3af9d4d8-f21a-4cd4-868f-b63cd8827c3b	undefined: ETIMEOUT	querySrv	_mongodb._tcp.testdand.715kb.mongodb.net
